2025-12-13 09:42:31,509 - INFO - Bot Started...
2025-12-13 15:08:38,554 - INFO - Bot Started...
2025-12-13 20:52:01,477 - INFO - Bot Started...
2025-12-13 20:52:01,484 - INFO - Loaded Target Tickers: ['ZRXUSDT/USDT:USDT', 'LINAUSDT/USDT:USDT', 'PTBUSDT/USDT:USDT', 'NFPUSDT/USDT:USDT', 'WLDUSDT/USDT:USDT']
2025-12-13 20:52:01,484 - INFO - Waiting 480.52s for Ticker Check at 2025-12-13 21:00:02
2025-12-13 21:00:02,006 - INFO - Starting hourly ticker check...
2025-12-13 21:00:04,556 - ERROR - Error in loop for ZRXUSDT/USDT:USDT: binance does not have market symbol ZRXUSDT/USDT:USDT
2025-12-13 21:00:04,613 - ERROR - Error in loop for LINAUSDT/USDT:USDT: binance does not have market symbol LINAUSDT/USDT:USDT
2025-12-13 21:00:04,697 - ERROR - Error in loop for PTBUSDT/USDT:USDT: binance does not have market symbol PTBUSDT/USDT:USDT
2025-12-13 21:00:04,818 - ERROR - Error in loop for NFPUSDT/USDT:USDT: binance does not have market symbol NFPUSDT/USDT:USDT
2025-12-13 21:00:04,878 - ERROR - Error in loop for WLDUSDT/USDT:USDT: binance does not have market symbol WLDUSDT/USDT:USDT
2025-12-13 21:00:04,879 - INFO - Waiting 3597.12s for Ticker Check at 2025-12-13 22:00:02
2025-12-13 22:00:02,042 - INFO - Starting hourly ticker check...
2025-12-13 22:00:02,144 - ERROR - Error in loop for ZRXUSDT/USDT:USDT: binance does not have market symbol ZRXUSDT/USDT:USDT
2025-12-13 22:00:02,198 - ERROR - Error in loop for LINAUSDT/USDT:USDT: binance does not have market symbol LINAUSDT/USDT:USDT
2025-12-13 22:00:02,250 - ERROR - Error in loop for PTBUSDT/USDT:USDT: binance does not have market symbol PTBUSDT/USDT:USDT
2025-12-13 22:00:02,326 - ERROR - Error in loop for NFPUSDT/USDT:USDT: binance does not have market symbol NFPUSDT/USDT:USDT
2025-12-13 22:00:04,175 - ERROR - Error in loop for WLDUSDT/USDT:USDT: binance does not have market symbol WLDUSDT/USDT:USDT
2025-12-13 22:00:04,176 - INFO - Waiting 3597.82s for Ticker Check at 2025-12-13 23:00:02
2025-12-13 22:21:11,809 - INFO - Bot Started...
2025-12-13 22:21:11,815 - INFO - Loaded Target Tickers: ['ZRX/USDT:USDT', 'LINA/USDT:USDT', 'PTB/USDT:USDT', 'NFP/USDT:USDT', 'WLD/USDT:USDT']
2025-12-13 22:21:11,816 - INFO - Waiting 2330.18s for Ticker Check at 2025-12-13 23:00:02
2025-12-13 23:00:02,027 - INFO - Starting hourly ticker check...
2025-12-13 23:00:05,292 - INFO - Waiting 3596.71s for Ticker Check at 2025-12-14 00:00:02
2025-12-14 00:00:02,219 - INFO - Starting hourly ticker check...
2025-12-14 00:00:03,534 - INFO - Waiting 3598.47s for Ticker Check at 2025-12-14 01:00:02
2025-12-14 01:00:02,098 - INFO - Starting hourly ticker check...
2025-12-14 01:00:03,311 - INFO - Waiting 3598.69s for Ticker Check at 2025-12-14 02:00:02
2025-12-14 01:33:15,873 - INFO - Bot Started...
2025-12-14 01:33:15,881 - INFO - Loaded Target Tickers: ['ZRX/USDT:USDT', 'LINA/USDT:USDT', 'PTB/USDT:USDT', 'NFP/USDT:USDT', 'WLD/USDT:USDT']
2025-12-14 01:33:15,881 - INFO - Waiting 1606.12s for Ticker Check at 2025-12-14 02:00:02
2025-12-14 02:00:02,026 - INFO - Starting hourly ticker check...
2025-12-14 02:00:05,311 - INFO - No trading signals found for this hour.
2025-12-14 02:00:05,313 - INFO - Waiting 3596.69s for Ticker Check at 2025-12-14 03:00:02
2025-12-14 03:00:02,041 - INFO - Starting hourly ticker check...
2025-12-14 03:00:02,934 - INFO - No trading signals found for this hour.
2025-12-14 03:00:02,934 - INFO - Waiting 3599.07s for Ticker Check at 2025-12-14 04:00:02
2025-12-14 04:00:02,032 - INFO - Starting hourly ticker check...
2025-12-14 04:00:05,489 - INFO - No trading signals found for this hour.
2025-12-14 04:00:05,489 - INFO - Waiting 3596.51s for Ticker Check at 2025-12-14 05:00:02
2025-12-14 05:00:02,028 - INFO - Starting hourly ticker check...
2025-12-14 05:00:05,310 - INFO - No trading signals found for this hour.
2025-12-14 05:00:05,310 - INFO - Waiting 3596.69s for Ticker Check at 2025-12-14 06:00:02
2025-12-14 06:00:02,035 - INFO - Starting hourly ticker check...
2025-12-14 06:00:02,980 - INFO - No trading signals found for this hour.
2025-12-14 06:00:02,982 - INFO - Waiting 3599.02s for Ticker Check at 2025-12-14 07:00:02
2025-12-14 07:00:02,033 - INFO - Starting hourly ticker check...
2025-12-14 07:00:04,257 - INFO - No trading signals found for this hour.
2025-12-14 07:00:04,257 - INFO - Waiting 3597.74s for Ticker Check at 2025-12-14 08:00:02
2025-12-14 08:00:02,030 - INFO - Starting hourly ticker check...
2025-12-14 08:00:02,989 - INFO - No trading signals found for this hour.
2025-12-14 08:00:02,989 - INFO - Waiting 3599.01s for Ticker Check at 2025-12-14 09:00:02
2025-12-14 09:00:02,150 - INFO - Starting hourly ticker check...
2025-12-14 09:00:05,655 - INFO - No trading signals found for this hour.
2025-12-14 09:00:05,655 - INFO - Waiting 3596.34s for Ticker Check at 2025-12-14 10:00:02
2025-12-14 10:00:02,053 - INFO - Starting hourly ticker check...
2025-12-14 10:00:03,353 - INFO - No trading signals found for this hour.
2025-12-14 10:00:03,353 - INFO - Waiting 3598.65s for Ticker Check at 2025-12-14 11:00:02
2025-12-14 11:00:02,031 - INFO - Starting hourly ticker check...
2025-12-14 11:00:03,446 - INFO - No trading signals found for this hour.
2025-12-14 11:00:03,446 - INFO - Waiting 3598.55s for Ticker Check at 2025-12-14 12:00:02
2025-12-14 12:00:02,042 - INFO - Starting hourly ticker check...
2025-12-14 12:00:03,377 - INFO - No trading signals found for this hour.
2025-12-14 12:00:03,378 - INFO - Waiting 3598.62s for Ticker Check at 2025-12-14 13:00:02
2025-12-14 13:00:02,029 - INFO - Starting hourly ticker check...
2025-12-14 13:00:03,289 - INFO - No trading signals found for this hour.
2025-12-14 13:00:03,294 - INFO - Waiting 3598.71s for Ticker Check at 2025-12-14 14:00:02
2025-12-14 14:00:02,042 - INFO - Starting hourly ticker check...
2025-12-14 14:00:02,741 - INFO - No trading signals found for this hour.
2025-12-14 14:00:02,741 - INFO - Waiting 3599.26s for Ticker Check at 2025-12-14 15:00:02
2025-12-14 15:00:02,032 - INFO - Starting hourly ticker check...
2025-12-14 15:00:02,669 - INFO - No trading signals found for this hour.
2025-12-14 15:00:02,672 - INFO - Waiting 3599.33s for Ticker Check at 2025-12-14 16:00:02
2025-12-14 16:00:02,030 - INFO - Starting hourly ticker check...
2025-12-14 16:00:02,478 - INFO - No trading signals found for this hour.
2025-12-14 16:00:02,479 - INFO - Waiting 3599.52s for Ticker Check at 2025-12-14 17:00:02
2025-12-14 17:00:02,040 - INFO - Starting hourly ticker check...
2025-12-14 17:00:02,942 - INFO - No trading signals found for this hour.
2025-12-14 17:00:02,942 - INFO - Waiting 3599.06s for Ticker Check at 2025-12-14 18:00:02
2025-12-14 18:00:02,129 - INFO - Starting hourly ticker check...
2025-12-14 18:00:03,056 - INFO - No trading signals found for this hour.
2025-12-14 18:00:03,056 - INFO - Waiting 3598.94s for Ticker Check at 2025-12-14 19:00:02
2025-12-14 19:00:02,061 - INFO - Starting hourly ticker check...
2025-12-14 19:00:02,597 - INFO - No trading signals found for this hour.
2025-12-14 19:00:02,598 - INFO - Waiting 3599.40s for Ticker Check at 2025-12-14 20:00:02
2025-12-14 20:00:02,035 - INFO - Starting hourly ticker check...
2025-12-14 20:00:02,851 - INFO - No trading signals found for this hour.
2025-12-14 20:00:02,851 - INFO - Waiting 3599.15s for Ticker Check at 2025-12-14 21:00:02
2025-12-14 21:00:02,036 - INFO - Starting hourly ticker check...
2025-12-14 21:00:02,678 - INFO - No trading signals found for this hour.
2025-12-14 21:00:02,679 - INFO - Waiting 3599.32s for Ticker Check at 2025-12-14 22:00:02
2025-12-14 22:00:02,046 - INFO - Starting hourly ticker check...
2025-12-14 22:00:02,586 - INFO - No trading signals found for this hour.
2025-12-14 22:00:02,586 - INFO - Waiting 3599.41s for Ticker Check at 2025-12-14 23:00:02
2025-12-14 23:00:02,029 - INFO - Starting hourly ticker check...
2025-12-14 23:00:02,821 - INFO - No trading signals found for this hour.
2025-12-14 23:00:02,821 - INFO - Waiting 3599.18s for Ticker Check at 2025-12-15 00:00:02
2025-12-15 00:00:02,039 - INFO - Starting hourly ticker check...
2025-12-15 00:00:02,522 - INFO - No trading signals found for this hour.
2025-12-15 00:00:02,523 - INFO - Waiting 3599.48s for Ticker Check at 2025-12-15 01:00:02
2025-12-15 01:00:02,038 - INFO - Starting hourly ticker check...
2025-12-15 01:00:02,496 - INFO - No trading signals found for this hour.
2025-12-15 01:00:02,497 - INFO - Waiting 3599.50s for Ticker Check at 2025-12-15 02:00:02
2025-12-15 02:00:02,046 - INFO - Starting hourly ticker check...
2025-12-15 02:00:04,772 - INFO - No trading signals found for this hour.
2025-12-15 02:00:04,773 - INFO - Waiting 3597.23s for Ticker Check at 2025-12-15 03:00:02
2025-12-15 03:00:02,106 - INFO - Starting hourly ticker check...
2025-12-15 03:00:03,351 - INFO - No trading signals found for this hour.
2025-12-15 03:00:03,351 - INFO - Waiting 3598.65s for Ticker Check at 2025-12-15 04:00:02
2025-12-15 04:00:02,064 - INFO - Starting hourly ticker check...
2025-12-15 04:00:04,490 - INFO - No trading signals found for this hour.
2025-12-15 04:00:04,490 - INFO - Waiting 3597.51s for Ticker Check at 2025-12-15 05:00:02
2025-12-15 05:00:02,046 - INFO - Starting hourly ticker check...
2025-12-15 05:00:02,662 - INFO - No trading signals found for this hour.
2025-12-15 05:00:02,665 - INFO - Waiting 3599.33s for Ticker Check at 2025-12-15 06:00:02
2025-12-15 06:00:02,037 - INFO - Starting hourly ticker check...
2025-12-15 06:00:02,924 - INFO - No trading signals found for this hour.
2025-12-15 06:00:02,924 - INFO - Waiting 3599.08s for Ticker Check at 2025-12-15 07:00:02
2025-12-15 07:00:02,035 - INFO - Starting hourly ticker check...
2025-12-15 07:00:04,346 - INFO - No trading signals found for this hour.
2025-12-15 07:00:04,346 - INFO - Waiting 3597.65s for Ticker Check at 2025-12-15 08:00:02
2025-12-15 08:00:02,031 - INFO - Starting hourly ticker check...
2025-12-15 08:00:02,595 - INFO - No trading signals found for this hour.
2025-12-15 08:00:02,597 - INFO - Waiting 3599.40s for Ticker Check at 2025-12-15 09:00:02
2025-12-15 09:00:02,041 - INFO - Starting hourly ticker check...
2025-12-15 09:00:02,521 - INFO - No trading signals found for this hour.
2025-12-15 09:00:02,522 - INFO - Waiting 3599.48s for Ticker Check at 2025-12-15 10:00:02
2025-12-15 10:00:02,035 - INFO - Starting hourly ticker check...
2025-12-15 10:00:02,537 - INFO - No trading signals found for this hour.
2025-12-15 10:00:02,538 - INFO - Waiting 3599.46s for Ticker Check at 2025-12-15 11:00:02
2025-12-15 11:00:02,031 - INFO - Starting hourly ticker check...
2025-12-15 11:00:02,618 - INFO - No trading signals found for this hour.
2025-12-15 11:00:02,618 - INFO - Waiting 3599.38s for Ticker Check at 2025-12-15 12:00:02
2025-12-15 12:00:02,056 - INFO - Starting hourly ticker check...
2025-12-15 12:00:03,294 - INFO - No trading signals found for this hour.
2025-12-15 12:00:03,295 - INFO - Waiting 3598.70s for Ticker Check at 2025-12-15 13:00:02
2025-12-15 13:00:02,042 - INFO - Starting hourly ticker check...
2025-12-15 13:00:03,106 - INFO - No trading signals found for this hour.
2025-12-15 13:00:03,106 - INFO - Waiting 3598.89s for Ticker Check at 2025-12-15 14:00:02
2025-12-15 14:00:02,042 - INFO - Starting hourly ticker check...
2025-12-15 14:00:02,710 - INFO - No trading signals found for this hour.
2025-12-15 14:00:02,710 - INFO - Waiting 3599.29s for Ticker Check at 2025-12-15 15:00:02
2025-12-15 15:00:02,045 - INFO - Starting hourly ticker check...
2025-12-15 15:00:02,732 - INFO - No trading signals found for this hour.
2025-12-15 15:00:02,733 - INFO - Waiting 3599.27s for Ticker Check at 2025-12-15 16:00:02
2025-12-15 16:00:02,028 - INFO - Starting hourly ticker check...
2025-12-15 16:00:02,803 - INFO - No trading signals found for this hour.
2025-12-15 16:00:02,808 - INFO - Waiting 3599.19s for Ticker Check at 2025-12-15 17:00:02
2025-12-15 17:00:02,033 - INFO - Starting hourly ticker check...
2025-12-15 17:00:02,664 - INFO - No trading signals found for this hour.
2025-12-15 17:00:02,665 - INFO - Waiting 3599.33s for Ticker Check at 2025-12-15 18:00:02
2025-12-15 18:00:02,028 - INFO - Starting hourly ticker check...
2025-12-15 18:00:02,726 - INFO - No trading signals found for this hour.
2025-12-15 18:00:02,729 - INFO - Waiting 3599.27s for Ticker Check at 2025-12-15 19:00:02
2025-12-15 19:00:02,036 - INFO - Starting hourly ticker check...
2025-12-15 19:00:02,945 - INFO - No trading signals found for this hour.
2025-12-15 19:00:02,945 - INFO - Waiting 3599.05s for Ticker Check at 2025-12-15 20:00:02
2025-12-15 20:00:02,043 - INFO - Starting hourly ticker check...
2025-12-15 20:00:02,662 - INFO - No trading signals found for this hour.
2025-12-15 20:00:02,664 - INFO - Waiting 3599.34s for Ticker Check at 2025-12-15 21:00:02
2025-12-15 21:00:02,104 - INFO - Starting hourly ticker check...
2025-12-15 21:00:02,893 - INFO - No trading signals found for this hour.
2025-12-15 21:00:02,894 - INFO - Waiting 3599.11s for Ticker Check at 2025-12-15 22:00:02
2025-12-15 22:00:02,111 - INFO - Starting hourly ticker check...
2025-12-15 22:00:03,147 - INFO - No trading signals found for this hour.
2025-12-15 22:00:03,150 - INFO - Waiting 3598.85s for Ticker Check at 2025-12-15 23:00:02
2025-12-15 23:00:02,040 - INFO - Starting hourly ticker check...
2025-12-15 23:00:02,970 - INFO - No trading signals found for this hour.
2025-12-15 23:00:02,970 - INFO - Waiting 3599.03s for Ticker Check at 2025-12-16 00:00:02
2025-12-16 00:00:02,037 - INFO - Starting hourly ticker check...
2025-12-16 00:00:02,732 - INFO - No trading signals found for this hour.
2025-12-16 00:00:02,733 - INFO - Waiting 3599.27s for Ticker Check at 2025-12-16 01:00:02
2025-12-16 01:00:02,042 - INFO - Starting hourly ticker check...
2025-12-16 01:00:02,718 - INFO - Signal Found for WLD/USDT:USDT: SHORT at 2025-12-15 14:00:00
2025-12-16 01:00:03,079 - INFO - SHORT Order Placed for WLD/USDT:USDT at 0.5416
2025-12-16 01:00:03,276 - ERROR - Error executing trade for WLD/USDT:USDT: binance {"code":-4120,"msg":"Order type not supported for this endpoint. Please use the Algo Order API endpoints instead."}
2025-12-16 01:00:03,276 - INFO - Waiting 3598.72s for Ticker Check at 2025-12-16 02:00:02
2025-12-16 02:00:02,037 - INFO - Starting hourly ticker check...
2025-12-16 02:00:02,834 - INFO - No trading signals found for this hour.
2025-12-16 02:00:02,834 - INFO - Waiting 3599.17s for Ticker Check at 2025-12-16 03:00:02
2025-12-16 03:00:02,036 - INFO - Starting hourly ticker check...
2025-12-16 03:00:02,788 - INFO - No trading signals found for this hour.
2025-12-16 03:00:02,789 - INFO - Waiting 3599.21s for Ticker Check at 2025-12-16 04:00:02
2025-12-16 04:00:02,043 - INFO - Starting hourly ticker check...
2025-12-16 04:00:02,631 - INFO - No trading signals found for this hour.
2025-12-16 04:00:02,631 - INFO - Waiting 3599.37s for Ticker Check at 2025-12-16 05:00:02
2025-12-16 05:00:02,040 - INFO - Starting hourly ticker check...
2025-12-16 05:00:02,512 - INFO - No trading signals found for this hour.
2025-12-16 05:00:02,512 - INFO - Waiting 3599.49s for Ticker Check at 2025-12-16 06:00:02
2025-12-16 06:00:02,071 - INFO - Starting hourly ticker check...
2025-12-16 06:00:03,996 - INFO - No trading signals found for this hour.
2025-12-16 06:00:03,996 - INFO - Waiting 3598.00s for Ticker Check at 2025-12-16 07:00:02
2025-12-16 11:46:37,430 - INFO - Bot Started...
2025-12-16 11:46:37,438 - INFO - Loaded Target Tickers: ['ZRX/USDT:USDT', 'LINA/USDT:USDT', 'PTB/USDT:USDT', 'NFP/USDT:USDT', 'WLD/USDT:USDT']
2025-12-16 11:46:37,438 - INFO - Waiting 804.56s for Ticker Check at 2025-12-16 12:00:02
2025-12-16 11:49:24,098 - INFO - Bot Started...
2025-12-16 11:49:24,145 - INFO - Loaded Target Tickers: ['ZRX/USDT:USDT', 'LINA/USDT:USDT', 'PTB/USDT:USDT', 'NFP/USDT:USDT', 'WLD/USDT:USDT']
2025-12-16 11:49:24,146 - INFO - Waiting 637.85s for Ticker Check at 2025-12-16 12:00:02
