2025-12-16 11:55:41,610 - INFO - Bot Started...
2025-12-16 11:55:41,696 - INFO - Loaded Target Tickers: ['ZRX/USDT:USDT', 'LINA/USDT:USDT', 'PTB/USDT:USDT', 'NFP/USDT:USDT', 'WLD/USDT:USDT']
2025-12-16 11:55:41,696 - INFO - Waiting 260.30s for Ticker Check at 2025-12-16 12:00:02
2025-12-16 12:00:02,025 - INFO - Starting hourly ticker check...
2025-12-16 12:00:05,652 - INFO - No trading signals found for this hour.
2025-12-16 12:00:05,652 - INFO - Waiting 3596.35s for Ticker Check at 2025-12-16 13:00:02
2025-12-16 13:00:02,035 - INFO - Starting hourly ticker check...
2025-12-16 13:00:02,929 - INFO - No trading signals found for this hour.
2025-12-16 13:00:02,929 - INFO - Waiting 3599.07s for Ticker Check at 2025-12-16 14:00:02
2025-12-16 14:00:02,027 - INFO - Starting hourly ticker check...
2025-12-16 14:00:02,977 - INFO - No trading signals found for this hour.
2025-12-16 14:00:02,977 - INFO - Waiting 3599.02s for Ticker Check at 2025-12-16 15:00:02
2025-12-16 15:00:02,052 - INFO - Starting hourly ticker check...
2025-12-16 15:00:02,968 - INFO - No trading signals found for this hour.
2025-12-16 15:00:02,968 - INFO - Waiting 3599.03s for Ticker Check at 2025-12-16 16:00:02
2025-12-16 16:00:02,073 - INFO - Starting hourly ticker check...
2025-12-16 16:00:03,039 - INFO - No trading signals found for this hour.
2025-12-16 16:00:03,039 - INFO - Waiting 3598.96s for Ticker Check at 2025-12-16 17:00:02
2025-12-16 17:00:02,055 - INFO - Starting hourly ticker check...
2025-12-16 17:00:02,957 - INFO - No trading signals found for this hour.
2025-12-16 17:00:02,957 - INFO - Waiting 3599.04s for Ticker Check at 2025-12-16 18:00:02
2025-12-16 18:00:02,046 - INFO - Starting hourly ticker check...
2025-12-16 18:00:02,395 - INFO - Signal Found for WLD/USDT:USDT: SHORT at 2025-12-16 07:00:00
2025-12-16 18:00:02,765 - INFO - SHORT Order Placed for WLD/USDT:USDT at 0.5254
2025-12-16 18:00:02,768 - ERROR - Failed to log trade to DB: unable to open database file
2025-12-16 18:00:02,995 - ERROR - Failed to place SL for WLD/USDT:USDT: binance {"code":-4120,"msg":"Order type not supported for this endpoint. Please use the Algo Order API endpoints instead."}
2025-12-16 18:00:03,180 - ERROR - Failed to place TP for WLD/USDT:USDT: binance {"code":-4120,"msg":"Order type not supported for this endpoint. Please use the Algo Order API endpoints instead."}
2025-12-16 18:00:03,719 - INFO - Waiting 3598.28s for Ticker Check at 2025-12-16 19:00:02
2025-12-16 19:00:02,048 - INFO - Starting hourly ticker check...
2025-12-16 19:00:03,815 - INFO - No trading signals found for this hour.
2025-12-16 19:00:03,819 - INFO - Waiting 3598.18s for Ticker Check at 2025-12-16 20:00:02
2025-12-16 20:00:02,044 - INFO - Starting hourly ticker check...
2025-12-16 20:00:03,729 - INFO - No trading signals found for this hour.
2025-12-16 20:00:03,733 - INFO - Waiting 3598.27s for Ticker Check at 2025-12-16 21:00:02
2025-12-16 21:00:02,039 - INFO - Starting hourly ticker check...
2025-12-16 21:00:03,157 - INFO - No trading signals found for this hour.
2025-12-16 21:00:03,161 - INFO - Waiting 3598.84s for Ticker Check at 2025-12-16 22:00:02
2025-12-16 22:00:02,034 - INFO - Starting hourly ticker check...
2025-12-16 22:00:02,801 - INFO - No trading signals found for this hour.
2025-12-16 22:00:02,805 - INFO - Waiting 3599.19s for Ticker Check at 2025-12-16 23:00:02
2025-12-16 23:00:02,043 - INFO - Starting hourly ticker check...
2025-12-16 23:00:03,571 - INFO - No trading signals found for this hour.
2025-12-16 23:00:03,571 - INFO - Waiting 3598.43s for Ticker Check at 2025-12-17 00:00:02
2025-12-17 00:00:02,048 - INFO - Starting hourly ticker check...
2025-12-17 00:00:02,931 - INFO - No trading signals found for this hour.
2025-12-17 00:00:02,933 - INFO - Waiting 3599.07s for Ticker Check at 2025-12-17 01:00:02
2025-12-17 01:00:02,091 - INFO - Starting hourly ticker check...
2025-12-17 01:00:02,885 - INFO - No trading signals found for this hour.
2025-12-17 01:00:02,885 - INFO - Waiting 3599.11s for Ticker Check at 2025-12-17 02:00:02
2025-12-17 02:00:02,061 - INFO - Starting hourly ticker check...
2025-12-17 02:00:02,896 - INFO - No trading signals found for this hour.
2025-12-17 02:00:02,896 - INFO - Waiting 3599.10s for Ticker Check at 2025-12-17 03:00:02
2025-12-17 03:00:02,053 - INFO - Starting hourly ticker check...
2025-12-17 03:00:02,838 - INFO - No trading signals found for this hour.
2025-12-17 03:00:02,838 - INFO - Waiting 3599.16s for Ticker Check at 2025-12-17 04:00:02
2025-12-17 04:00:02,039 - INFO - Starting hourly ticker check...
2025-12-17 04:00:02,817 - INFO - No trading signals found for this hour.
2025-12-17 04:00:02,817 - INFO - Waiting 3599.18s for Ticker Check at 2025-12-17 05:00:02
2025-12-17 05:00:02,038 - INFO - Starting hourly ticker check...
2025-12-17 05:00:03,199 - INFO - No trading signals found for this hour.
2025-12-17 05:00:03,199 - INFO - Waiting 3598.80s for Ticker Check at 2025-12-17 06:00:02
2025-12-17 06:00:02,033 - INFO - Starting hourly ticker check...
2025-12-17 06:00:04,050 - INFO - No trading signals found for this hour.
2025-12-17 06:00:04,050 - INFO - Waiting 3597.95s for Ticker Check at 2025-12-17 07:00:02
2025-12-17 06:28:09,824 - INFO - Bot Started...
2025-12-17 06:28:09,838 - INFO - Loaded Target Tickers: ['ZRX/USDT:USDT', 'LINA/USDT:USDT', 'PTB/USDT:USDT', 'NFP/USDT:USDT', 'WLD/USDT:USDT']
2025-12-17 06:28:09,838 - INFO - Waiting 1912.16s for Ticker Check at 2025-12-17 07:00:02
2025-12-17 07:00:02,027 - INFO - Starting hourly ticker check...
2025-12-17 07:00:05,252 - INFO - No trading signals found for this hour.
2025-12-17 07:00:05,252 - INFO - Waiting 3596.75s for Ticker Check at 2025-12-17 08:00:02
2025-12-17 08:00:02,038 - INFO - Starting hourly ticker check...
2025-12-17 08:00:03,038 - INFO - No trading signals found for this hour.
2025-12-17 08:00:03,038 - INFO - Waiting 3598.96s for Ticker Check at 2025-12-17 09:00:02
2025-12-17 09:00:02,035 - INFO - Starting hourly ticker check...
2025-12-17 09:00:05,041 - INFO - No trading signals found for this hour.
2025-12-17 09:00:05,042 - INFO - Waiting 3596.96s for Ticker Check at 2025-12-17 10:00:02
2025-12-17 10:00:02,084 - INFO - Starting hourly ticker check...
2025-12-17 10:00:03,279 - INFO - No trading signals found for this hour.
2025-12-17 10:00:03,279 - INFO - Waiting 3598.72s for Ticker Check at 2025-12-17 11:00:02
2025-12-17 11:00:02,057 - INFO - Starting hourly ticker check...
2025-12-17 11:00:03,076 - INFO - No trading signals found for this hour.
2025-12-17 11:00:03,076 - INFO - Waiting 3598.92s for Ticker Check at 2025-12-17 12:00:02
2025-12-17 12:00:02,050 - INFO - Starting hourly ticker check...
2025-12-17 12:00:03,241 - INFO - No trading signals found for this hour.
2025-12-17 12:00:03,244 - INFO - Waiting 3598.76s for Ticker Check at 2025-12-17 13:00:02
2025-12-17 13:00:02,052 - INFO - Starting hourly ticker check...
2025-12-17 13:00:03,141 - INFO - No trading signals found for this hour.
2025-12-17 13:00:03,141 - INFO - Waiting 3598.86s for Ticker Check at 2025-12-17 14:00:02
2025-12-17 14:00:02,033 - INFO - Starting hourly ticker check...
2025-12-17 14:00:04,202 - INFO - No trading signals found for this hour.
2025-12-17 14:00:04,206 - INFO - Waiting 3597.79s for Ticker Check at 2025-12-17 15:00:02
2025-12-17 15:00:02,031 - INFO - Starting hourly ticker check...
2025-12-17 15:00:02,924 - INFO - No trading signals found for this hour.
2025-12-17 15:00:02,925 - INFO - Waiting 3599.07s for Ticker Check at 2025-12-17 16:00:02
2025-12-17 16:00:02,041 - INFO - Starting hourly ticker check...
2025-12-17 16:00:02,952 - INFO - No trading signals found for this hour.
2025-12-17 16:00:02,952 - INFO - Waiting 3599.05s for Ticker Check at 2025-12-17 17:00:02
2025-12-17 17:00:02,036 - INFO - Starting hourly ticker check...
2025-12-17 17:00:02,930 - INFO - No trading signals found for this hour.
2025-12-17 17:00:02,931 - INFO - Waiting 3599.07s for Ticker Check at 2025-12-17 18:00:02
2025-12-17 18:00:02,029 - INFO - Starting hourly ticker check...
2025-12-17 18:00:03,708 - INFO - No trading signals found for this hour.
2025-12-17 18:00:03,708 - INFO - Waiting 3598.29s for Ticker Check at 2025-12-17 19:00:02
2025-12-17 19:00:02,086 - INFO - Starting hourly ticker check...
2025-12-17 19:00:03,428 - INFO - No trading signals found for this hour.
2025-12-17 19:00:03,428 - INFO - Waiting 3598.57s for Ticker Check at 2025-12-17 20:00:02
2025-12-17 20:00:02,056 - INFO - Starting hourly ticker check...
2025-12-17 20:00:03,106 - INFO - No trading signals found for this hour.
2025-12-17 20:00:03,106 - INFO - Waiting 3598.89s for Ticker Check at 2025-12-17 21:00:02
2025-12-17 21:00:02,048 - INFO - Starting hourly ticker check...
2025-12-17 21:00:03,176 - INFO - No trading signals found for this hour.
2025-12-17 21:00:03,176 - INFO - Waiting 3598.82s for Ticker Check at 2025-12-17 22:00:02
2025-12-17 22:00:02,048 - INFO - Starting hourly ticker check...
2025-12-17 22:00:03,267 - INFO - No trading signals found for this hour.
2025-12-17 22:00:03,267 - INFO - Waiting 3598.73s for Ticker Check at 2025-12-17 23:00:02
2025-12-17 23:00:02,048 - INFO - Starting hourly ticker check...
2025-12-17 23:00:03,084 - INFO - No trading signals found for this hour.
2025-12-17 23:00:03,084 - INFO - Waiting 3598.92s for Ticker Check at 2025-12-18 00:00:02
2025-12-18 00:00:02,043 - INFO - Starting hourly ticker check...
2025-12-18 00:00:03,258 - INFO - No trading signals found for this hour.
2025-12-18 00:00:03,259 - INFO - Waiting 3598.74s for Ticker Check at 2025-12-18 01:00:02
2025-12-18 01:00:02,036 - INFO - Starting hourly ticker check...
2025-12-18 01:00:03,462 - INFO - No trading signals found for this hour.
2025-12-18 01:00:03,462 - INFO - Waiting 3598.54s for Ticker Check at 2025-12-18 02:00:02
2025-12-18 02:00:02,048 - INFO - Starting hourly ticker check...
2025-12-18 02:00:02,909 - INFO - Signal Found for NFP/USDT:USDT: SHORT at 2025-12-17 16:00:00
2025-12-18 02:00:03,315 - INFO - SHORT Order Placed for NFP/USDT:USDT at 0.02275
2025-12-18 02:00:03,524 - ERROR - Failed to place SL for NFP/USDT:USDT: binance {"code":-4120,"msg":"Order type not supported for this endpoint. Please use the Algo Order API endpoints instead."}
2025-12-18 02:00:03,790 - ERROR - Failed to place TP for NFP/USDT:USDT: binance {"code":-4120,"msg":"Order type not supported for this endpoint. Please use the Algo Order API endpoints instead."}
2025-12-18 02:00:03,968 - INFO - Waiting 3598.03s for Ticker Check at 2025-12-18 03:00:02
2025-12-18 03:00:02,051 - INFO - Starting hourly ticker check...
2025-12-18 03:00:02,221 - INFO - Signal Found for ZRX/USDT:USDT: SHORT at 2025-12-17 16:00:00
2025-12-18 03:00:02,617 - INFO - SHORT Order Placed for ZRX/USDT:USDT at 0.1244
2025-12-18 03:00:02,803 - ERROR - Failed to place SL for ZRX/USDT:USDT: binance {"code":-4120,"msg":"Order type not supported for this endpoint. Please use the Algo Order API endpoints instead."}
2025-12-18 03:00:03,010 - ERROR - Failed to place TP for ZRX/USDT:USDT: binance {"code":-4120,"msg":"Order type not supported for this endpoint. Please use the Algo Order API endpoints instead."}
2025-12-18 03:00:03,621 - INFO - Signal Found for WLD/USDT:USDT: SHORT at 2025-12-17 17:00:00
2025-12-18 03:00:03,994 - INFO - SHORT Order Placed for WLD/USDT:USDT at 0.4998
2025-12-18 03:00:04,210 - ERROR - Failed to place SL for WLD/USDT:USDT: binance {"code":-4120,"msg":"Order type not supported for this endpoint. Please use the Algo Order API endpoints instead."}
2025-12-18 03:00:04,416 - ERROR - Failed to place TP for WLD/USDT:USDT: binance {"code":-4120,"msg":"Order type not supported for this endpoint. Please use the Algo Order API endpoints instead."}
2025-12-18 03:00:04,417 - INFO - Waiting 3597.58s for Ticker Check at 2025-12-18 04:00:02
2025-12-18 04:00:02,066 - INFO - Starting hourly ticker check...
2025-12-18 04:00:03,297 - INFO - No trading signals found for this hour.
2025-12-18 04:00:03,297 - INFO - Waiting 3598.70s for Ticker Check at 2025-12-18 05:00:02
2025-12-18 05:00:02,046 - INFO - Starting hourly ticker check...
2025-12-18 05:00:02,751 - INFO - No trading signals found for this hour.
2025-12-18 05:00:02,751 - INFO - Waiting 3599.25s for Ticker Check at 2025-12-18 06:00:02
2025-12-18 06:00:02,043 - INFO - Starting hourly ticker check...
2025-12-18 06:00:02,853 - INFO - No trading signals found for this hour.
2025-12-18 06:00:02,859 - INFO - Waiting 3599.14s for Ticker Check at 2025-12-18 07:00:02
2025-12-18 07:00:02,041 - INFO - Starting hourly ticker check...
2025-12-18 07:00:03,093 - INFO - No trading signals found for this hour.
2025-12-18 07:00:03,094 - INFO - Waiting 3598.91s for Ticker Check at 2025-12-18 08:00:02
2025-12-18 08:00:02,035 - INFO - Starting hourly ticker check...
2025-12-18 08:00:04,832 - INFO - No trading signals found for this hour.
2025-12-18 08:00:04,832 - INFO - Waiting 3597.17s for Ticker Check at 2025-12-18 09:00:02
2025-12-18 09:00:02,032 - INFO - Starting hourly ticker check...
2025-12-18 09:00:02,927 - INFO - No trading signals found for this hour.
2025-12-18 09:00:02,927 - INFO - Waiting 3599.07s for Ticker Check at 2025-12-18 10:00:02
2025-12-18 10:00:02,041 - INFO - Starting hourly ticker check...
2025-12-18 10:00:03,003 - INFO - No trading signals found for this hour.
2025-12-18 10:00:03,004 - INFO - Waiting 3599.00s for Ticker Check at 2025-12-18 11:00:02
